<?xml version="1.0" encoding="UTF-8"?>
<!-- Generated by org.testng.reporters.JUnitReportReporter -->
<testsuite hostname="vend-jahanzaib" failures="0" tests="2" name="testCases.TrainingSession" time="7.870" errors="0" timestamp="5 Nov 2020 00:45:37 GMT">
  <testcase classname="testCases.TrainingSession" name="AlertWindow" time="0.532"/>
  <testcase classname="testCases.TrainingSession" name="JavaScriptAlert" time="7.338"/>
</testsuite> <!-- testCases.TrainingSession -->
