<?xml version="1.0" encoding="UTF-8"?>
<!-- Generated by org.testng.reporters.JUnitReportReporter -->
<testsuite hostname="vend-jahanzaib" failures="0" tests="3" name="testCases.LoginTests" time="20.039" errors="0" timestamp="5 Nov 2020 00:45:37 GMT">
  <testcase classname="testCases.LoginTests" name="Scrolling" time="13.744"/>
  <testcase classname="testCases.LoginTests" name="loginIntoApplication" time="0.014"/>
  <testcase classname="testCases.LoginTests" name="ListBoxDemo" time="6.281"/>
</testsuite> <!-- testCases.LoginTests -->
